Error: bind EADDRINUSE null:80
    at listenOnMasterHandle (net.js:1346:16)
    at rr (internal/cluster/child.js:126:12)
    at Worker.send (internal/cluster/child.js:93:7)
    at process.onInternalMessage (internal/cluster/utils.js:45:8)
    at process.emit (events.js:203:15)
    at emit (internal/child_process.js:832:12)
    at process._tickCallback (internal/process/next_tick.js:63:19)
Error: bind EADDRINUSE null:80
    at listenOnMasterHandle (net.js:1346:16)
    at rr (internal/cluster/child.js:126:12)
    at Worker.send (internal/cluster/child.js:93:7)
    at process.onInternalMessage (internal/cluster/utils.js:45:8)
    at process.emit (events.js:203:15)
    at emit (internal/child_process.js:832:12)
    at process._tickCallback (internal/process/next_tick.js:63:19)
Error: bind EADDRINUSE null:80
    at listenOnMasterHandle (net.js:1346:16)
    at rr (internal/cluster/child.js:126:12)
    at Worker.send (internal/cluster/child.js:93:7)
    at process.onInternalMessage (internal/cluster/utils.js:45:8)
    at process.emit (events.js:203:15)
    at emit (internal/child_process.js:832:12)
    at process._tickCallback (internal/process/next_tick.js:63:19)
Error: bind EADDRINUSE null:80
    at listenOnMasterHandle (net.js:1346:16)
    at rr (internal/cluster/child.js:126:12)
    at Worker.send (internal/cluster/child.js:93:7)
    at process.onInternalMessage (internal/cluster/utils.js:45:8)
    at process.emit (events.js:203:15)
    at emit (internal/child_process.js:832:12)
    at process._tickCallback (internal/process/next_tick.js:63:19)
Error: bind EADDRINUSE null:80
    at listenOnMasterHandle (net.js:1346:16)
    at rr (internal/cluster/child.js:126:12)
    at Worker.send (internal/cluster/child.js:93:7)
    at process.onInternalMessage (internal/cluster/utils.js:45:8)
    at process.emit (events.js:203:15)
    at emit (internal/child_process.js:832:12)
    at process._tickCallback (internal/process/next_tick.js:63:19)
Error: bind EADDRINUSE null:80
    at listenOnMasterHandle (net.js:1346:16)
    at rr (internal/cluster/child.js:126:12)
    at Worker.send (internal/cluster/child.js:93:7)
    at process.onInternalMessage (internal/cluster/utils.js:45:8)
    at process.emit (events.js:203:15)
    at emit (internal/child_process.js:832:12)
    at process._tickCallback (internal/process/next_tick.js:63:19)
Error: bind EADDRINUSE null:80
    at listenOnMasterHandle (net.js:1346:16)
    at rr (internal/cluster/child.js:126:12)
    at Worker.send (internal/cluster/child.js:93:7)
    at process.onInternalMessage (internal/cluster/utils.js:45:8)
    at process.emit (events.js:203:15)
    at emit (internal/child_process.js:832:12)
    at process._tickCallback (internal/process/next_tick.js:63:19)
Error: bind EADDRINUSE null:80
    at listenOnMasterHandle (net.js:1346:16)
    at rr (internal/cluster/child.js:126:12)
    at Worker.send (internal/cluster/child.js:93:7)
    at process.onInternalMessage (internal/cluster/utils.js:45:8)
    at process.emit (events.js:203:15)
    at emit (internal/child_process.js:832:12)
    at process._tickCallback (internal/process/next_tick.js:63:19)
Error: bind EADDRINUSE null:80
    at listenOnMasterHandle (net.js:1346:16)
    at rr (internal/cluster/child.js:126:12)
    at Worker.send (internal/cluster/child.js:93:7)
    at process.onInternalMessage (internal/cluster/utils.js:45:8)
    at process.emit (events.js:203:15)
    at emit (internal/child_process.js:832:12)
    at process._tickCallback (internal/process/next_tick.js:63:19)
Error: bind EADDRINUSE null:80
    at listenOnMasterHandle (net.js:1346:16)
    at rr (internal/cluster/child.js:126:12)
    at Worker.send (internal/cluster/child.js:93:7)
    at process.onInternalMessage (internal/cluster/utils.js:45:8)
    at process.emit (events.js:203:15)
    at emit (internal/child_process.js:832:12)
    at process._tickCallback (internal/process/next_tick.js:63:19)
Error: bind EADDRINUSE null:80
    at listenOnMasterHandle (net.js:1346:16)
    at rr (internal/cluster/child.js:126:12)
    at Worker.send (internal/cluster/child.js:93:7)
    at process.onInternalMessage (internal/cluster/utils.js:45:8)
    at process.emit (events.js:203:15)
    at emit (internal/child_process.js:832:12)
    at process._tickCallback (internal/process/next_tick.js:63:19)
Error: bind EADDRINUSE null:80
    at listenOnMasterHandle (net.js:1346:16)
    at rr (internal/cluster/child.js:126:12)
    at Worker.send (internal/cluster/child.js:93:7)
    at process.onInternalMessage (internal/cluster/utils.js:45:8)
    at process.emit (events.js:203:15)
    at emit (internal/child_process.js:832:12)
    at process._tickCallback (internal/process/next_tick.js:63:19)
Error: bind EADDRINUSE null:80
    at listenOnMasterHandle (net.js:1346:16)
    at rr (internal/cluster/child.js:126:12)
    at Worker.send (internal/cluster/child.js:93:7)
    at process.onInternalMessage (internal/cluster/utils.js:45:8)
    at process.emit (events.js:203:15)
    at emit (internal/child_process.js:832:12)
    at process._tickCallback (internal/process/next_tick.js:63:19)
Error: bind EADDRINUSE null:80
    at listenOnMasterHandle (net.js:1346:16)
    at rr (internal/cluster/child.js:126:12)
    at Worker.send (internal/cluster/child.js:93:7)
    at process.onInternalMessage (internal/cluster/utils.js:45:8)
    at process.emit (events.js:203:15)
    at emit (internal/child_process.js:832:12)
    at process._tickCallback (internal/process/next_tick.js:63:19)
Error: bind EADDRINUSE null:80
    at listenOnMasterHandle (net.js:1346:16)
    at rr (internal/cluster/child.js:126:12)
    at Worker.send (internal/cluster/child.js:93:7)
    at process.onInternalMessage (internal/cluster/utils.js:45:8)
    at process.emit (events.js:203:15)
    at emit (internal/child_process.js:832:12)
    at process._tickCallback (internal/process/next_tick.js:63:19)
Error: bind EADDRINUSE null:80
    at listenOnMasterHandle (net.js:1346:16)
    at rr (internal/cluster/child.js:126:12)
    at Worker.send (internal/cluster/child.js:93:7)
    at process.onInternalMessage (internal/cluster/utils.js:45:8)
    at process.emit (events.js:203:15)
    at emit (internal/child_process.js:832:12)
    at process._tickCallback (internal/process/next_tick.js:63:19)
Error: bind EADDRINUSE null:80
    at listenOnMasterHandle (net.js:1346:16)
    at rr (internal/cluster/child.js:126:12)
    at Worker.send (internal/cluster/child.js:93:7)
    at process.onInternalMessage (internal/cluster/utils.js:45:8)
    at process.emit (events.js:203:15)
    at emit (internal/child_process.js:832:12)
    at process._tickCallback (internal/process/next_tick.js:63:19)
Error: bind EADDRINUSE null:80
    at listenOnMasterHandle (net.js:1346:16)
    at rr (internal/cluster/child.js:126:12)
    at Worker.send (internal/cluster/child.js:93:7)
    at process.onInternalMessage (internal/cluster/utils.js:45:8)
    at process.emit (events.js:203:15)
    at emit (internal/child_process.js:832:12)
    at process._tickCallback (internal/process/next_tick.js:63:19)
Error: bind EADDRINUSE null:80
    at listenOnMasterHandle (net.js:1346:16)
    at rr (internal/cluster/child.js:126:12)
    at Worker.send (internal/cluster/child.js:93:7)
    at process.onInternalMessage (internal/cluster/utils.js:45:8)
    at process.emit (events.js:203:15)
    at emit (internal/child_process.js:832:12)
    at process._tickCallback (internal/process/next_tick.js:63:19)
Error: bind EADDRINUSE null:80
    at listenOnMasterHandle (net.js:1346:16)
    at rr (internal/cluster/child.js:126:12)
    at Worker.send (internal/cluster/child.js:93:7)
    at process.onInternalMessage (internal/cluster/utils.js:45:8)
    at process.emit (events.js:203:15)
    at emit (internal/child_process.js:832:12)
    at process._tickCallback (internal/process/next_tick.js:63:19)
Error: bind EADDRINUSE null:80
    at listenOnMasterHandle (net.js:1346:16)
    at rr (internal/cluster/child.js:126:12)
    at Worker.send (internal/cluster/child.js:93:7)
    at process.onInternalMessage (internal/cluster/utils.js:45:8)
    at process.emit (events.js:203:15)
    at emit (internal/child_process.js:832:12)
    at process._tickCallback (internal/process/next_tick.js:63:19)
Error: bind EADDRINUSE null:80
    at listenOnMasterHandle (net.js:1346:16)
    at rr (internal/cluster/child.js:126:12)
    at Worker.send (internal/cluster/child.js:93:7)
    at process.onInternalMessage (internal/cluster/utils.js:45:8)
    at process.emit (events.js:203:15)
    at emit (internal/child_process.js:832:12)
    at process._tickCallback (internal/process/next_tick.js:63:19)
Error: bind EADDRINUSE null:80
    at listenOnMasterHandle (net.js:1346:16)
    at rr (internal/cluster/child.js:126:12)
    at Worker.send (internal/cluster/child.js:93:7)
    at process.onInternalMessage (internal/cluster/utils.js:45:8)
    at process.emit (events.js:203:15)
    at emit (internal/child_process.js:832:12)
    at process._tickCallback (internal/process/next_tick.js:63:19)
Error: bind EADDRINUSE null:80
    at listenOnMasterHandle (net.js:1346:16)
    at rr (internal/cluster/child.js:126:12)
    at Worker.send (internal/cluster/child.js:93:7)
    at process.onInternalMessage (internal/cluster/utils.js:45:8)
    at process.emit (events.js:203:15)
    at emit (internal/child_process.js:832:12)
    at process._tickCallback (internal/process/next_tick.js:63:19)
Error: bind EADDRINUSE null:80
    at listenOnMasterHandle (net.js:1346:16)
    at rr (internal/cluster/child.js:126:12)
    at Worker.send (internal/cluster/child.js:93:7)
    at process.onInternalMessage (internal/cluster/utils.js:45:8)
    at process.emit (events.js:203:15)
    at emit (internal/child_process.js:832:12)
    at process._tickCallback (internal/process/next_tick.js:63:19)
Error: bind EADDRINUSE null:80
    at listenOnMasterHandle (net.js:1346:16)
    at rr (internal/cluster/child.js:126:12)
    at Worker.send (internal/cluster/child.js:93:7)
    at process.onInternalMessage (internal/cluster/utils.js:45:8)
    at process.emit (events.js:203:15)
    at emit (internal/child_process.js:832:12)
    at process._tickCallback (internal/process/next_tick.js:63:19)
Error: bind EADDRINUSE null:80
    at listenOnMasterHandle (net.js:1346:16)
    at rr (internal/cluster/child.js:126:12)
    at Worker.send (internal/cluster/child.js:93:7)
    at process.onInternalMessage (internal/cluster/utils.js:45:8)
    at process.emit (events.js:203:15)
    at emit (internal/child_process.js:832:12)
    at process._tickCallback (internal/process/next_tick.js:63:19)
Error: bind EADDRINUSE null:80
    at listenOnMasterHandle (net.js:1346:16)
    at rr (internal/cluster/child.js:126:12)
    at Worker.send (internal/cluster/child.js:93:7)
    at process.onInternalMessage (internal/cluster/utils.js:45:8)
    at process.emit (events.js:203:15)
    at emit (internal/child_process.js:832:12)
    at process._tickCallback (internal/process/next_tick.js:63:19)
Error: bind EADDRINUSE null:80
    at listenOnMasterHandle (net.js:1346:16)
    at rr (internal/cluster/child.js:126:12)
    at Worker.send (internal/cluster/child.js:93:7)
    at process.onInternalMessage (internal/cluster/utils.js:45:8)
    at process.emit (events.js:203:15)
    at emit (internal/child_process.js:832:12)
    at process._tickCallback (internal/process/next_tick.js:63:19)
Error: bind EADDRINUSE null:80
    at listenOnMasterHandle (net.js:1346:16)
    at rr (internal/cluster/child.js:126:12)
    at Worker.send (internal/cluster/child.js:93:7)
    at process.onInternalMessage (internal/cluster/utils.js:45:8)
    at process.emit (events.js:203:15)
    at emit (internal/child_process.js:832:12)
    at process._tickCallback (internal/process/next_tick.js:63:19)
Error: bind EADDRINUSE null:80
    at listenOnMasterHandle (net.js:1346:16)
    at rr (internal/cluster/child.js:126:12)
    at Worker.send (internal/cluster/child.js:93:7)
    at process.onInternalMessage (internal/cluster/utils.js:45:8)
    at process.emit (events.js:203:15)
    at emit (internal/child_process.js:832:12)
    at process._tickCallback (internal/process/next_tick.js:63:19)
Error: bind EADDRINUSE null:80
    at listenOnMasterHandle (net.js:1346:16)
    at rr (internal/cluster/child.js:126:12)
    at Worker.send (internal/cluster/child.js:93:7)
    at process.onInternalMessage (internal/cluster/utils.js:45:8)
    at process.emit (events.js:203:15)
    at emit (internal/child_process.js:832:12)
    at process._tickCallback (internal/process/next_tick.js:63:19)
2020-01-18 11:10:00: server error { Error: connect ECONNREFUSED 127.0.0.1:8080
2020-01-18 11:10:00:     at TCPConnectWrap.afterConnect [as oncomplete] (net.js:1106:14)
2020-01-18 11:10:00:   errno: 'ECONNREFUSED',
2020-01-18 11:10:00:   code: 'ECONNREFUSED',
2020-01-18 11:10:00:   syscall: 'connect',
2020-01-18 11:10:00:   address: '127.0.0.1',
2020-01-18 11:10:00:   port: 8080,
2020-01-18 11:10:00:   config:
2020-01-18 11:10:00:    { url:
2020-01-18 11:10:00:       'http://localhost:8080/basic/web/index.php?r=book/index&page=undefined',
2020-01-18 11:10:00:      method: 'get',
2020-01-18 11:10:00:      headers:
2020-01-18 11:10:00:       { Accept: 'application/json, text/plain, */*',
2020-01-18 11:10:00:         'User-Agent': 'axios/0.19.1' },
2020-01-18 11:10:00:      transformRequest: [ [Function: transformRequest] ],
2020-01-18 11:10:00:      transformResponse: [ [Function: transformResponse] ],
2020-01-18 11:10:00:      timeout: 0,
2020-01-18 11:10:00:      adapter: [Function: httpAdapter],
2020-01-18 11:10:00:      xsrfCookieName: 'XSRF-TOKEN',
2020-01-18 11:10:00:      xsrfHeaderName: 'X-XSRF-TOKEN',
2020-01-18 11:10:00:      maxContentLength: -1,
2020-01-18 11:10:00:      validateStatus: [Function: validateStatus],
2020-01-18 11:10:00:      data: undefined },
2020-01-18 11:10:00:   request:
2020-01-18 11:10:00:    Writable {
2020-01-18 11:10:00:      _writableState:
2020-01-18 11:10:00:       WritableState {
2020-01-18 11:10:00:         objectMode: false,
2020-01-18 11:10:00:         highWaterMark: 16384,
2020-01-18 11:10:00:         finalCalled: false,
2020-01-18 11:10:00:         needDrain: false,
2020-01-18 11:10:00:         ending: false,
2020-01-18 11:10:00:         ended: false,
2020-01-18 11:10:00:         finished: false,
2020-01-18 11:10:00:         destroyed: false,
2020-01-18 11:10:00:         decodeStrings: true,
2020-01-18 11:10:00:         defaultEncoding: 'utf8',
2020-01-18 11:10:00:         length: 0,
2020-01-18 11:10:00:         writing: false,
2020-01-18 11:10:00:         corked: 0,
2020-01-18 11:10:00:         sync: true,
2020-01-18 11:10:00:         bufferProcessing: false,
2020-01-18 11:10:00:         onwrite: [Function: bound onwrite],
2020-01-18 11:10:00:         writecb: null,
2020-01-18 11:10:00:         writelen: 0,
2020-01-18 11:10:00:         bufferedRequest: null,
2020-01-18 11:10:00:         lastBufferedRequest: null,
2020-01-18 11:10:00:         pendingcb: 0,
2020-01-18 11:10:00:         prefinished: false,
2020-01-18 11:10:00:         errorEmitted: false,
2020-01-18 11:10:00:         emitClose: true,
2020-01-18 11:10:00:         autoDestroy: false,
2020-01-18 11:10:00:         bufferedRequestCount: 0,
2020-01-18 11:10:00:         corkedRequestsFree: [Object] },
2020-01-18 11:10:00:      writable: true,
2020-01-18 11:10:00:      _events:
2020-01-18 11:10:00:       [Object: null prototype] {
2020-01-18 11:10:00:         response: [Function: handleResponse],
2020-01-18 11:10:00:         error: [Function: handleRequestError] },
2020-01-18 11:10:00:      _eventsCount: 2,
2020-01-18 11:10:00:      _maxListeners: undefined,
2020-01-18 11:10:00:      _options:
2020-01-18 11:10:00:       { protocol: 'http:',
2020-01-18 11:10:00:         maxRedirects: 21,
2020-01-18 11:10:00:         maxBodyLength: 10485760,
2020-01-18 11:10:00:         path: '/basic/web/index.php?r=book/index&page=undefined',
2020-01-18 11:10:00:         method: 'GET',
2020-01-18 11:10:00:         headers: [Object],
2020-01-18 11:10:00:         agent: undefined,
2020-01-18 11:10:00:         agents: [Object],
2020-01-18 11:10:00:         auth: undefined,
2020-01-18 11:10:00:         hostname: 'localhost',
2020-01-18 11:10:00:         port: '8080',
2020-01-18 11:10:00:         nativeProtocols: [Object],
2020-01-18 11:10:00:         pathname: '/basic/web/index.php',
2020-01-18 11:10:00:         search: '?r=book/index&page=undefined' },
2020-01-18 11:10:00:      _redirectCount: 0,
2020-01-18 11:10:00:      _redirects: [],
2020-01-18 11:10:00:      _requestBodyLength: 0,
2020-01-18 11:10:00:      _requestBodyBuffers: [],
2020-01-18 11:10:00:      _onNativeResponse: [Function],
2020-01-18 11:10:00:      _currentRequest:
2020-01-18 11:10:00:       ClientRequest {
2020-01-18 11:10:00:         _events: [Object],
2020-01-18 11:10:00:         _eventsCount: 6,
2020-01-18 11:10:00:         _maxListeners: undefined,
2020-01-18 11:10:00:         output: [],
2020-01-18 11:10:00:         outputEncodings: [],
2020-01-18 11:10:00:         outputCallbacks: [],
2020-01-18 11:10:00:         outputSize: 0,
2020-01-18 11:10:00:         writable: true,
2020-01-18 11:10:00:         _last: true,
2020-01-18 11:10:00:         chunkedEncoding: false,
2020-01-18 11:10:00:         shouldKeepAlive: false,
2020-01-18 11:10:00:         useChunkedEncodingByDefault: false,
2020-01-18 11:10:00:         sendDate: false,
2020-01-18 11:10:00:         _removedConnection: false,
2020-01-18 11:10:00:         _removedContLen: false,
2020-01-18 11:10:00:         _removedTE: false,
2020-01-18 11:10:00:         _contentLength: 0,
2020-01-18 11:10:00:         _hasBody: true,
2020-01-18 11:10:00:         _trailer: '',
2020-01-18 11:10:00:         finished: true,
2020-01-18 11:10:00:         _headerSent: true,
2020-01-18 11:10:00:         socket: [Socket],
2020-01-18 11:10:00:         connection: [Socket],
2020-01-18 11:10:00:         _header:
2020-01-18 11:10:00:          'GET /basic/web/index.php?r=book/index&page=undefined HTTP/1.1\r\nAccept: application/json, text/plain, */*\r\nUser-Agent: axios/0.19.1\r\nHost: localhost:8080\r\nConnection: close\r\n\r\n',
2020-01-18 11:10:00:         _onPendingData: [Function: noopPendingOutput],
2020-01-18 11:10:00:         agent: [Agent],
2020-01-18 11:10:00:         socketPath: undefined,
2020-01-18 11:10:00:         timeout: undefined,
2020-01-18 11:10:00:         method: 'GET',
2020-01-18 11:10:00:         path: '/basic/web/index.php?r=book/index&page=undefined',
2020-01-18 11:10:00:         _ended: false,
2020-01-18 11:10:00:         res: null,
2020-01-18 11:10:00:         aborted: undefined,
2020-01-18 11:10:00:         timeoutCb: null,
2020-01-18 11:10:00:         upgradeOrConnect: false,
2020-01-18 11:10:00:         parser: null,
2020-01-18 11:10:00:         maxHeadersCount: null,
2020-01-18 11:10:00:         _redirectable: [Circular],
2020-01-18 11:10:00:         [Symbol(isCorked)]: false,
2020-01-18 11:10:00:         [Symbol(outHeadersKey)]: [Object] },
2020-01-18 11:10:00:      _currentUrl:
2020-01-18 11:10:00:       'http://localhost:8080/basic/web/index.php?r=book/index&page=undefined' },
2020-01-18 11:10:00:   response: undefined,
2020-01-18 11:10:00:   isAxiosError: true,
2020-01-18 11:10:00:   toJSON: [Function] } { request:
2020-01-18 11:10:00:    { method: 'GET',
2020-01-18 11:10:00:      url: '/',
2020-01-18 11:10:00:      header:
2020-01-18 11:10:00:       { host: 'localhost',
2020-01-18 11:10:00:         connection: 'keep-alive',
2020-01-18 11:10:00:         'upgrade-insecure-requests': '1',
2020-01-18 11:10:00:         'user-agent':
2020-01-18 11:10:00:          'Mozilla/5.0 (Macintosh; Intel Mac OS X 10_15_2) AppleWebKit/537.36 (KHTML, like Gecko) Chrome/79.0.3945.130 Safari/537.36',
2020-01-18 11:10:00:         'sec-fetch-user': '?1',
2020-01-18 11:10:00:         accept:
2020-01-18 11:10:00:          'text/html,application/xhtml+xml,application/xml;q=0.9,image/webp,image/apng,*/*;q=0.8,application/signed-exchange;v=b3;q=0.9',
2020-01-18 11:10:00:         'sec-fetch-site': 'none',
2020-01-18 11:10:00:         'sec-fetch-mode': 'navigate',
2020-01-18 11:10:00:         'accept-encoding': 'gzip, deflate, br',
2020-01-18 11:10:00:         'accept-language': 'zh-CN,zh;q=0.9,en;q=0.8',
2020-01-18 11:10:00:         cookie: '_ga=GA1.1.372073481.1574653483' } },
2020-01-18 11:10:00:   response:
2020-01-18 11:10:00:    { status: 404,
2020-01-18 11:10:00:      message: 'Not Found',
2020-01-18 11:10:00:      header: [Object: null prototype] {} },
2020-01-18 11:10:00:   app: { subdomainOffset: 2, proxy: false, env: 'production' },
2020-01-18 11:10:00:   originalUrl: '/',
2020-01-18 11:10:00:   req: '<original node req>',
2020-01-18 11:10:00:   res: '<original node res>',
2020-01-18 11:10:00:   socket: '<original node socket>' }
2020-01-18 11:10:03: server error { Error: connect ECONNREFUSED 127.0.0.1:8080
2020-01-18 11:10:03:     at TCPConnectWrap.afterConnect [as oncomplete] (net.js:1106:14)
2020-01-18 11:10:03:   errno: 'ECONNREFUSED',
2020-01-18 11:10:03:   code: 'ECONNREFUSED',
2020-01-18 11:10:03:   syscall: 'connect',
2020-01-18 11:10:03:   address: '127.0.0.1',
2020-01-18 11:10:03:   port: 8080,
2020-01-18 11:10:03:   config:
2020-01-18 11:10:03:    { url:
2020-01-18 11:10:03:       'http://localhost:8080/basic/web/index.php?r=book/index&page=undefined',
2020-01-18 11:10:03:      method: 'get',
2020-01-18 11:10:03:      headers:
2020-01-18 11:10:03:       { Accept: 'application/json, text/plain, */*',
2020-01-18 11:10:03:         'User-Agent': 'axios/0.19.1' },
2020-01-18 11:10:03:      transformRequest: [ [Function: transformRequest] ],
2020-01-18 11:10:03:      transformResponse: [ [Function: transformResponse] ],
2020-01-18 11:10:03:      timeout: 0,
2020-01-18 11:10:03:      adapter: [Function: httpAdapter],
2020-01-18 11:10:03:      xsrfCookieName: 'XSRF-TOKEN',
2020-01-18 11:10:03:      xsrfHeaderName: 'X-XSRF-TOKEN',
2020-01-18 11:10:03:      maxContentLength: -1,
2020-01-18 11:10:03:      validateStatus: [Function: validateStatus],
2020-01-18 11:10:03:      data: undefined },
2020-01-18 11:10:03:   request:
2020-01-18 11:10:03:    Writable {
2020-01-18 11:10:03:      _writableState:
2020-01-18 11:10:03:       WritableState {
2020-01-18 11:10:03:         objectMode: false,
2020-01-18 11:10:03:         highWaterMark: 16384,
2020-01-18 11:10:03:         finalCalled: false,
2020-01-18 11:10:03:         needDrain: false,
2020-01-18 11:10:03:         ending: false,
2020-01-18 11:10:03:         ended: false,
2020-01-18 11:10:03:         finished: false,
2020-01-18 11:10:03:         destroyed: false,
2020-01-18 11:10:03:         decodeStrings: true,
2020-01-18 11:10:03:         defaultEncoding: 'utf8',
2020-01-18 11:10:03:         length: 0,
2020-01-18 11:10:03:         writing: false,
2020-01-18 11:10:03:         corked: 0,
2020-01-18 11:10:03:         sync: true,
2020-01-18 11:10:03:         bufferProcessing: false,
2020-01-18 11:10:03:         onwrite: [Function: bound onwrite],
2020-01-18 11:10:03:         writecb: null,
2020-01-18 11:10:03:         writelen: 0,
2020-01-18 11:10:03:         bufferedRequest: null,
2020-01-18 11:10:03:         lastBufferedRequest: null,
2020-01-18 11:10:03:         pendingcb: 0,
2020-01-18 11:10:03:         prefinished: false,
2020-01-18 11:10:03:         errorEmitted: false,
2020-01-18 11:10:03:         emitClose: true,
2020-01-18 11:10:03:         autoDestroy: false,
2020-01-18 11:10:03:         bufferedRequestCount: 0,
2020-01-18 11:10:03:         corkedRequestsFree: [Object] },
2020-01-18 11:10:03:      writable: true,
2020-01-18 11:10:03:      _events:
2020-01-18 11:10:03:       [Object: null prototype] {
2020-01-18 11:10:03:         response: [Function: handleResponse],
2020-01-18 11:10:03:         error: [Function: handleRequestError] },
2020-01-18 11:10:03:      _eventsCount: 2,
2020-01-18 11:10:03:      _maxListeners: undefined,
2020-01-18 11:10:03:      _options:
2020-01-18 11:10:03:       { protocol: 'http:',
2020-01-18 11:10:03:         maxRedirects: 21,
2020-01-18 11:10:03:         maxBodyLength: 10485760,
2020-01-18 11:10:03:         path: '/basic/web/index.php?r=book/index&page=undefined',
2020-01-18 11:10:03:         method: 'GET',
2020-01-18 11:10:03:         headers: [Object],
2020-01-18 11:10:03:         agent: undefined,
2020-01-18 11:10:03:         agents: [Object],
2020-01-18 11:10:03:         auth: undefined,
2020-01-18 11:10:03:         hostname: 'localhost',
2020-01-18 11:10:03:         port: '8080',
2020-01-18 11:10:03:         nativeProtocols: [Object],
2020-01-18 11:10:03:         pathname: '/basic/web/index.php',
2020-01-18 11:10:03:         search: '?r=book/index&page=undefined' },
2020-01-18 11:10:03:      _redirectCount: 0,
2020-01-18 11:10:03:      _redirects: [],
2020-01-18 11:10:03:      _requestBodyLength: 0,
2020-01-18 11:10:03:      _requestBodyBuffers: [],
2020-01-18 11:10:03:      _onNativeResponse: [Function],
2020-01-18 11:10:03:      _currentRequest:
2020-01-18 11:10:03:       ClientRequest {
2020-01-18 11:10:03:         _events: [Object],
2020-01-18 11:10:03:         _eventsCount: 6,
2020-01-18 11:10:03:         _maxListeners: undefined,
2020-01-18 11:10:03:         output: [],
2020-01-18 11:10:03:         outputEncodings: [],
2020-01-18 11:10:03:         outputCallbacks: [],
2020-01-18 11:10:03:         outputSize: 0,
2020-01-18 11:10:03:         writable: true,
2020-01-18 11:10:03:         _last: true,
2020-01-18 11:10:03:         chunkedEncoding: false,
2020-01-18 11:10:03:         shouldKeepAlive: false,
2020-01-18 11:10:03:         useChunkedEncodingByDefault: false,
2020-01-18 11:10:03:         sendDate: false,
2020-01-18 11:10:03:         _removedConnection: false,
2020-01-18 11:10:03:         _removedContLen: false,
2020-01-18 11:10:03:         _removedTE: false,
2020-01-18 11:10:03:         _contentLength: 0,
2020-01-18 11:10:03:         _hasBody: true,
2020-01-18 11:10:03:         _trailer: '',
2020-01-18 11:10:03:         finished: true,
2020-01-18 11:10:03:         _headerSent: true,
2020-01-18 11:10:03:         socket: [Socket],
2020-01-18 11:10:03:         connection: [Socket],
2020-01-18 11:10:03:         _header:
2020-01-18 11:10:03:          'GET /basic/web/index.php?r=book/index&page=undefined HTTP/1.1\r\nAccept: application/json, text/plain, */*\r\nUser-Agent: axios/0.19.1\r\nHost: localhost:8080\r\nConnection: close\r\n\r\n',
2020-01-18 11:10:03:         _onPendingData: [Function: noopPendingOutput],
2020-01-18 11:10:03:         agent: [Agent],
2020-01-18 11:10:03:         socketPath: undefined,
2020-01-18 11:10:03:         timeout: undefined,
2020-01-18 11:10:03:         method: 'GET',
2020-01-18 11:10:03:         path: '/basic/web/index.php?r=book/index&page=undefined',
2020-01-18 11:10:03:         _ended: false,
2020-01-18 11:10:03:         res: null,
2020-01-18 11:10:03:         aborted: undefined,
2020-01-18 11:10:03:         timeoutCb: null,
2020-01-18 11:10:03:         upgradeOrConnect: false,
2020-01-18 11:10:03:         parser: null,
2020-01-18 11:10:03:         maxHeadersCount: null,
2020-01-18 11:10:03:         _redirectable: [Circular],
2020-01-18 11:10:03:         [Symbol(isCorked)]: false,
2020-01-18 11:10:03:         [Symbol(outHeadersKey)]: [Object] },
2020-01-18 11:10:03:      _currentUrl:
2020-01-18 11:10:03:       'http://localhost:8080/basic/web/index.php?r=book/index&page=undefined' },
2020-01-18 11:10:03:   response: undefined,
2020-01-18 11:10:03:   isAxiosError: true,
2020-01-18 11:10:03:   toJSON: [Function] } { request:
2020-01-18 11:10:03:    { method: 'GET',
2020-01-18 11:10:03:      url: '/',
2020-01-18 11:10:03:      header:
2020-01-18 11:10:03:       { host: 'localhost',
2020-01-18 11:10:03:         connection: 'keep-alive',
2020-01-18 11:10:03:         'cache-control': 'max-age=0',
2020-01-18 11:10:03:         'upgrade-insecure-requests': '1',
2020-01-18 11:10:03:         'user-agent':
2020-01-18 11:10:03:          'Mozilla/5.0 (Macintosh; Intel Mac OS X 10_15_2) AppleWebKit/537.36 (KHTML, like Gecko) Chrome/79.0.3945.130 Safari/537.36',
2020-01-18 11:10:03:         'sec-fetch-user': '?1',
2020-01-18 11:10:03:         accept:
2020-01-18 11:10:03:          'text/html,application/xhtml+xml,application/xml;q=0.9,image/webp,image/apng,*/*;q=0.8,application/signed-exchange;v=b3;q=0.9',
2020-01-18 11:10:03:         'sec-fetch-site': 'none',
2020-01-18 11:10:03:         'sec-fetch-mode': 'navigate',
2020-01-18 11:10:03:         'accept-encoding': 'gzip, deflate, br',
2020-01-18 11:10:03:         'accept-language': 'zh-CN,zh;q=0.9,en;q=0.8',
2020-01-18 11:10:03:         cookie: '_ga=GA1.1.372073481.1574653483' } },
2020-01-18 11:10:03:   response:
2020-01-18 11:10:03:    { status: 404,
2020-01-18 11:10:03:      message: 'Not Found',
2020-01-18 11:10:03:      header: [Object: null prototype] {} },
2020-01-18 11:10:03:   app: { subdomainOffset: 2, proxy: false, env: 'production' },
2020-01-18 11:10:03:   originalUrl: '/',
2020-01-18 11:10:03:   req: '<original node req>',
2020-01-18 11:10:03:   res: '<original node res>',
2020-01-18 11:10:03:   socket: '<original node socket>' }
2020-01-18 11:10:04: server error { Error: connect ECONNREFUSED 127.0.0.1:8080
2020-01-18 11:10:04:     at TCPConnectWrap.afterConnect [as oncomplete] (net.js:1106:14)
2020-01-18 11:10:04:   errno: 'ECONNREFUSED',
2020-01-18 11:10:04:   code: 'ECONNREFUSED',
2020-01-18 11:10:04:   syscall: 'connect',
2020-01-18 11:10:04:   address: '127.0.0.1',
2020-01-18 11:10:04:   port: 8080,
2020-01-18 11:10:04:   config:
2020-01-18 11:10:04:    { url:
2020-01-18 11:10:04:       'http://localhost:8080/basic/web/index.php?r=book/index&page=undefined',
2020-01-18 11:10:04:      method: 'get',
2020-01-18 11:10:04:      headers:
2020-01-18 11:10:04:       { Accept: 'application/json, text/plain, */*',
2020-01-18 11:10:04:         'User-Agent': 'axios/0.19.1' },
2020-01-18 11:10:04:      transformRequest: [ [Function: transformRequest] ],
2020-01-18 11:10:04:      transformResponse: [ [Function: transformResponse] ],
2020-01-18 11:10:04:      timeout: 0,
2020-01-18 11:10:04:      adapter: [Function: httpAdapter],
2020-01-18 11:10:04:      xsrfCookieName: 'XSRF-TOKEN',
2020-01-18 11:10:04:      xsrfHeaderName: 'X-XSRF-TOKEN',
2020-01-18 11:10:04:      maxContentLength: -1,
2020-01-18 11:10:04:      validateStatus: [Function: validateStatus],
2020-01-18 11:10:04:      data: undefined },
2020-01-18 11:10:04:   request:
2020-01-18 11:10:04:    Writable {
2020-01-18 11:10:04:      _writableState:
2020-01-18 11:10:04:       WritableState {
2020-01-18 11:10:04:         objectMode: false,
2020-01-18 11:10:04:         highWaterMark: 16384,
2020-01-18 11:10:04:         finalCalled: false,
2020-01-18 11:10:04:         needDrain: false,
2020-01-18 11:10:04:         ending: false,
2020-01-18 11:10:04:         ended: false,
2020-01-18 11:10:04:         finished: false,
2020-01-18 11:10:04:         destroyed: false,
2020-01-18 11:10:04:         decodeStrings: true,
2020-01-18 11:10:04:         defaultEncoding: 'utf8',
2020-01-18 11:10:04:         length: 0,
2020-01-18 11:10:04:         writing: false,
2020-01-18 11:10:04:         corked: 0,
2020-01-18 11:10:04:         sync: true,
2020-01-18 11:10:04:         bufferProcessing: false,
2020-01-18 11:10:04:         onwrite: [Function: bound onwrite],
2020-01-18 11:10:04:         writecb: null,
2020-01-18 11:10:04:         writelen: 0,
2020-01-18 11:10:04:         bufferedRequest: null,
2020-01-18 11:10:04:         lastBufferedRequest: null,
2020-01-18 11:10:04:         pendingcb: 0,
2020-01-18 11:10:04:         prefinished: false,
2020-01-18 11:10:04:         errorEmitted: false,
2020-01-18 11:10:04:         emitClose: true,
2020-01-18 11:10:04:         autoDestroy: false,
2020-01-18 11:10:04:         bufferedRequestCount: 0,
2020-01-18 11:10:04:         corkedRequestsFree: [Object] },
2020-01-18 11:10:04:      writable: true,
2020-01-18 11:10:04:      _events:
2020-01-18 11:10:04:       [Object: null prototype] {
2020-01-18 11:10:04:         response: [Function: handleResponse],
2020-01-18 11:10:04:         error: [Function: handleRequestError] },
2020-01-18 11:10:04:      _eventsCount: 2,
2020-01-18 11:10:04:      _maxListeners: undefined,
2020-01-18 11:10:04:      _options:
2020-01-18 11:10:04:       { protocol: 'http:',
2020-01-18 11:10:04:         maxRedirects: 21,
2020-01-18 11:10:04:         maxBodyLength: 10485760,
2020-01-18 11:10:04:         path: '/basic/web/index.php?r=book/index&page=undefined',
2020-01-18 11:10:04:         method: 'GET',
2020-01-18 11:10:04:         headers: [Object],
2020-01-18 11:10:04:         agent: undefined,
2020-01-18 11:10:04:         agents: [Object],
2020-01-18 11:10:04:         auth: undefined,
2020-01-18 11:10:04:         hostname: 'localhost',
2020-01-18 11:10:04:         port: '8080',
2020-01-18 11:10:04:         nativeProtocols: [Object],
2020-01-18 11:10:04:         pathname: '/basic/web/index.php',
2020-01-18 11:10:04:         search: '?r=book/index&page=undefined' },
2020-01-18 11:10:04:      _redirectCount: 0,
2020-01-18 11:10:04:      _redirects: [],
2020-01-18 11:10:04:      _requestBodyLength: 0,
2020-01-18 11:10:04:      _requestBodyBuffers: [],
2020-01-18 11:10:04:      _onNativeResponse: [Function],
2020-01-18 11:10:04:      _currentRequest:
2020-01-18 11:10:04:       ClientRequest {
2020-01-18 11:10:04:         _events: [Object],
2020-01-18 11:10:04:         _eventsCount: 6,
2020-01-18 11:10:04:         _maxListeners: undefined,
2020-01-18 11:10:04:         output: [],
2020-01-18 11:10:04:         outputEncodings: [],
2020-01-18 11:10:04:         outputCallbacks: [],
2020-01-18 11:10:04:         outputSize: 0,
2020-01-18 11:10:04:         writable: true,
2020-01-18 11:10:04:         _last: true,
2020-01-18 11:10:04:         chunkedEncoding: false,
2020-01-18 11:10:04:         shouldKeepAlive: false,
2020-01-18 11:10:04:         useChunkedEncodingByDefault: false,
2020-01-18 11:10:04:         sendDate: false,
2020-01-18 11:10:04:         _removedConnection: false,
2020-01-18 11:10:04:         _removedContLen: false,
2020-01-18 11:10:04:         _removedTE: false,
2020-01-18 11:10:04:         _contentLength: 0,
2020-01-18 11:10:04:         _hasBody: true,
2020-01-18 11:10:04:         _trailer: '',
2020-01-18 11:10:04:         finished: true,
2020-01-18 11:10:04:         _headerSent: true,
2020-01-18 11:10:04:         socket: [Socket],
2020-01-18 11:10:04:         connection: [Socket],
2020-01-18 11:10:04:         _header:
2020-01-18 11:10:04:          'GET /basic/web/index.php?r=book/index&page=undefined HTTP/1.1\r\nAccept: application/json, text/plain, */*\r\nUser-Agent: axios/0.19.1\r\nHost: localhost:8080\r\nConnection: close\r\n\r\n',
2020-01-18 11:10:04:         _onPendingData: [Function: noopPendingOutput],
2020-01-18 11:10:04:         agent: [Agent],
2020-01-18 11:10:04:         socketPath: undefined,
2020-01-18 11:10:04:         timeout: undefined,
2020-01-18 11:10:04:         method: 'GET',
2020-01-18 11:10:04:         path: '/basic/web/index.php?r=book/index&page=undefined',
2020-01-18 11:10:04:         _ended: false,
2020-01-18 11:10:04:         res: null,
2020-01-18 11:10:04:         aborted: undefined,
2020-01-18 11:10:04:         timeoutCb: null,
2020-01-18 11:10:04:         upgradeOrConnect: false,
2020-01-18 11:10:04:         parser: null,
2020-01-18 11:10:04:         maxHeadersCount: null,
2020-01-18 11:10:04:         _redirectable: [Circular],
2020-01-18 11:10:04:         [Symbol(isCorked)]: false,
2020-01-18 11:10:04:         [Symbol(outHeadersKey)]: [Object] },
2020-01-18 11:10:04:      _currentUrl:
2020-01-18 11:10:04:       'http://localhost:8080/basic/web/index.php?r=book/index&page=undefined' },
2020-01-18 11:10:04:   response: undefined,
2020-01-18 11:10:04:   isAxiosError: true,
2020-01-18 11:10:04:   toJSON: [Function] } { request:
2020-01-18 11:10:04:    { method: 'GET',
2020-01-18 11:10:04:      url: '/',
2020-01-18 11:10:04:      header:
2020-01-18 11:10:04:       { host: 'localhost',
2020-01-18 11:10:04:         connection: 'keep-alive',
2020-01-18 11:10:04:         'cache-control': 'max-age=0',
2020-01-18 11:10:04:         'upgrade-insecure-requests': '1',
2020-01-18 11:10:04:         'user-agent':
2020-01-18 11:10:04:          'Mozilla/5.0 (Macintosh; Intel Mac OS X 10_15_2) AppleWebKit/537.36 (KHTML, like Gecko) Chrome/79.0.3945.130 Safari/537.36',
2020-01-18 11:10:04:         'sec-fetch-user': '?1',
2020-01-18 11:10:04:         accept:
2020-01-18 11:10:04:          'text/html,application/xhtml+xml,application/xml;q=0.9,image/webp,image/apng,*/*;q=0.8,application/signed-exchange;v=b3;q=0.9',
2020-01-18 11:10:04:         'sec-fetch-site': 'none',
2020-01-18 11:10:04:         'sec-fetch-mode': 'navigate',
2020-01-18 11:10:04:         'accept-encoding': 'gzip, deflate, br',
2020-01-18 11:10:04:         'accept-language': 'zh-CN,zh;q=0.9,en;q=0.8',
2020-01-18 11:10:04:         cookie: '_ga=GA1.1.372073481.1574653483' } },
2020-01-18 11:10:04:   response:
2020-01-18 11:10:04:    { status: 404,
2020-01-18 11:10:04:      message: 'Not Found',
2020-01-18 11:10:04:      header: [Object: null prototype] {} },
2020-01-18 11:10:04:   app: { subdomainOffset: 2, proxy: false, env: 'production' },
2020-01-18 11:10:04:   originalUrl: '/',
2020-01-18 11:10:04:   req: '<original node req>',
2020-01-18 11:10:04:   res: '<original node res>',
2020-01-18 11:10:04:   socket: '<original node socket>' }
2020-01-18 11:10:46: server error { Error: connect ECONNREFUSED 127.0.0.1:8080
2020-01-18 11:10:46:     at TCPConnectWrap.afterConnect [as oncomplete] (net.js:1106:14)
2020-01-18 11:10:46:   errno: 'ECONNREFUSED',
2020-01-18 11:10:46:   code: 'ECONNREFUSED',
2020-01-18 11:10:46:   syscall: 'connect',
2020-01-18 11:10:46:   address: '127.0.0.1',
2020-01-18 11:10:46:   port: 8080,
2020-01-18 11:10:46:   config:
2020-01-18 11:10:46:    { url:
2020-01-18 11:10:46:       'http://localhost:8080/basic/web/index.php?r=book/index&page=undefined',
2020-01-18 11:10:46:      method: 'get',
2020-01-18 11:10:46:      headers:
2020-01-18 11:10:46:       { Accept: 'application/json, text/plain, */*',
2020-01-18 11:10:46:         'User-Agent': 'axios/0.19.1' },
2020-01-18 11:10:46:      transformRequest: [ [Function: transformRequest] ],
2020-01-18 11:10:46:      transformResponse: [ [Function: transformResponse] ],
2020-01-18 11:10:46:      timeout: 0,
2020-01-18 11:10:46:      adapter: [Function: httpAdapter],
2020-01-18 11:10:46:      xsrfCookieName: 'XSRF-TOKEN',
2020-01-18 11:10:46:      xsrfHeaderName: 'X-XSRF-TOKEN',
2020-01-18 11:10:46:      maxContentLength: -1,
2020-01-18 11:10:46:      validateStatus: [Function: validateStatus],
2020-01-18 11:10:46:      data: undefined },
2020-01-18 11:10:46:   request:
2020-01-18 11:10:46:    Writable {
2020-01-18 11:10:46:      _writableState:
2020-01-18 11:10:46:       WritableState {
2020-01-18 11:10:46:         objectMode: false,
2020-01-18 11:10:46:         highWaterMark: 16384,
2020-01-18 11:10:46:         finalCalled: false,
2020-01-18 11:10:46:         needDrain: false,
2020-01-18 11:10:46:         ending: false,
2020-01-18 11:10:46:         ended: false,
2020-01-18 11:10:46:         finished: false,
2020-01-18 11:10:46:         destroyed: false,
2020-01-18 11:10:46:         decodeStrings: true,
2020-01-18 11:10:46:         defaultEncoding: 'utf8',
2020-01-18 11:10:46:         length: 0,
2020-01-18 11:10:46:         writing: false,
2020-01-18 11:10:46:         corked: 0,
2020-01-18 11:10:46:         sync: true,
2020-01-18 11:10:46:         bufferProcessing: false,
2020-01-18 11:10:46:         onwrite: [Function: bound onwrite],
2020-01-18 11:10:46:         writecb: null,
2020-01-18 11:10:46:         writelen: 0,
2020-01-18 11:10:46:         bufferedRequest: null,
2020-01-18 11:10:46:         lastBufferedRequest: null,
2020-01-18 11:10:46:         pendingcb: 0,
2020-01-18 11:10:46:         prefinished: false,
2020-01-18 11:10:46:         errorEmitted: false,
2020-01-18 11:10:46:         emitClose: true,
2020-01-18 11:10:46:         autoDestroy: false,
2020-01-18 11:10:46:         bufferedRequestCount: 0,
2020-01-18 11:10:46:         corkedRequestsFree: [Object] },
2020-01-18 11:10:46:      writable: true,
2020-01-18 11:10:46:      _events:
2020-01-18 11:10:46:       [Object: null prototype] {
2020-01-18 11:10:46:         response: [Function: handleResponse],
2020-01-18 11:10:46:         error: [Function: handleRequestError] },
2020-01-18 11:10:46:      _eventsCount: 2,
2020-01-18 11:10:46:      _maxListeners: undefined,
2020-01-18 11:10:46:      _options:
2020-01-18 11:10:46:       { protocol: 'http:',
2020-01-18 11:10:46:         maxRedirects: 21,
2020-01-18 11:10:46:         maxBodyLength: 10485760,
2020-01-18 11:10:46:         path: '/basic/web/index.php?r=book/index&page=undefined',
2020-01-18 11:10:46:         method: 'GET',
2020-01-18 11:10:46:         headers: [Object],
2020-01-18 11:10:46:         agent: undefined,
2020-01-18 11:10:46:         agents: [Object],
2020-01-18 11:10:46:         auth: undefined,
2020-01-18 11:10:46:         hostname: 'localhost',
2020-01-18 11:10:46:         port: '8080',
2020-01-18 11:10:46:         nativeProtocols: [Object],
2020-01-18 11:10:46:         pathname: '/basic/web/index.php',
2020-01-18 11:10:46:         search: '?r=book/index&page=undefined' },
2020-01-18 11:10:46:      _redirectCount: 0,
2020-01-18 11:10:46:      _redirects: [],
2020-01-18 11:10:46:      _requestBodyLength: 0,
2020-01-18 11:10:46:      _requestBodyBuffers: [],
2020-01-18 11:10:46:      _onNativeResponse: [Function],
2020-01-18 11:10:46:      _currentRequest:
2020-01-18 11:10:46:       ClientRequest {
2020-01-18 11:10:46:         _events: [Object],
2020-01-18 11:10:46:         _eventsCount: 6,
2020-01-18 11:10:46:         _maxListeners: undefined,
2020-01-18 11:10:46:         output: [],
2020-01-18 11:10:46:         outputEncodings: [],
2020-01-18 11:10:46:         outputCallbacks: [],
2020-01-18 11:10:46:         outputSize: 0,
2020-01-18 11:10:46:         writable: true,
2020-01-18 11:10:46:         _last: true,
2020-01-18 11:10:46:         chunkedEncoding: false,
2020-01-18 11:10:46:         shouldKeepAlive: false,
2020-01-18 11:10:46:         useChunkedEncodingByDefault: false,
2020-01-18 11:10:46:         sendDate: false,
2020-01-18 11:10:46:         _removedConnection: false,
2020-01-18 11:10:46:         _removedContLen: false,
2020-01-18 11:10:46:         _removedTE: false,
2020-01-18 11:10:46:         _contentLength: 0,
2020-01-18 11:10:46:         _hasBody: true,
2020-01-18 11:10:46:         _trailer: '',
2020-01-18 11:10:46:         finished: true,
2020-01-18 11:10:46:         _headerSent: true,
2020-01-18 11:10:46:         socket: [Socket],
2020-01-18 11:10:46:         connection: [Socket],
2020-01-18 11:10:46:         _header:
2020-01-18 11:10:46:          'GET /basic/web/index.php?r=book/index&page=undefined HTTP/1.1\r\nAccept: application/json, text/plain, */*\r\nUser-Agent: axios/0.19.1\r\nHost: localhost:8080\r\nConnection: close\r\n\r\n',
2020-01-18 11:10:46:         _onPendingData: [Function: noopPendingOutput],
2020-01-18 11:10:46:         agent: [Agent],
2020-01-18 11:10:46:         socketPath: undefined,
2020-01-18 11:10:46:         timeout: undefined,
2020-01-18 11:10:46:         method: 'GET',
2020-01-18 11:10:46:         path: '/basic/web/index.php?r=book/index&page=undefined',
2020-01-18 11:10:46:         _ended: false,
2020-01-18 11:10:46:         res: null,
2020-01-18 11:10:46:         aborted: undefined,
2020-01-18 11:10:46:         timeoutCb: null,
2020-01-18 11:10:46:         upgradeOrConnect: false,
2020-01-18 11:10:46:         parser: null,
2020-01-18 11:10:46:         maxHeadersCount: null,
2020-01-18 11:10:46:         _redirectable: [Circular],
2020-01-18 11:10:46:         [Symbol(isCorked)]: false,
2020-01-18 11:10:46:         [Symbol(outHeadersKey)]: [Object] },
2020-01-18 11:10:46:      _currentUrl:
2020-01-18 11:10:46:       'http://localhost:8080/basic/web/index.php?r=book/index&page=undefined' },
2020-01-18 11:10:46:   response: undefined,
2020-01-18 11:10:46:   isAxiosError: true,
2020-01-18 11:10:46:   toJSON: [Function] } { request:
2020-01-18 11:10:46:    { method: 'GET',
2020-01-18 11:10:46:      url: '/',
2020-01-18 11:10:46:      header:
2020-01-18 11:10:46:       { host: 'localhost',
2020-01-18 11:10:46:         connection: 'keep-alive',
2020-01-18 11:10:46:         'cache-control': 'max-age=0',
2020-01-18 11:10:46:         'upgrade-insecure-requests': '1',
2020-01-18 11:10:46:         'user-agent':
2020-01-18 11:10:46:          'Mozilla/5.0 (Macintosh; Intel Mac OS X 10_15_2) AppleWebKit/537.36 (KHTML, like Gecko) Chrome/79.0.3945.130 Safari/537.36',
2020-01-18 11:10:46:         'sec-fetch-user': '?1',
2020-01-18 11:10:46:         accept:
2020-01-18 11:10:46:          'text/html,application/xhtml+xml,application/xml;q=0.9,image/webp,image/apng,*/*;q=0.8,application/signed-exchange;v=b3;q=0.9',
2020-01-18 11:10:46:         'sec-fetch-site': 'none',
2020-01-18 11:10:46:         'sec-fetch-mode': 'navigate',
2020-01-18 11:10:46:         'accept-encoding': 'gzip, deflate, br',
2020-01-18 11:10:46:         'accept-language': 'zh-CN,zh;q=0.9,en;q=0.8',
2020-01-18 11:10:46:         cookie: '_ga=GA1.1.372073481.1574653483' } },
2020-01-18 11:10:46:   response:
2020-01-18 11:10:46:    { status: 404,
2020-01-18 11:10:46:      message: 'Not Found',
2020-01-18 11:10:46:      header: [Object: null prototype] {} },
2020-01-18 11:10:46:   app: { subdomainOffset: 2, proxy: false, env: 'production' },
2020-01-18 11:10:46:   originalUrl: '/',
2020-01-18 11:10:46:   req: '<original node req>',
2020-01-18 11:10:46:   res: '<original node res>',
2020-01-18 11:10:46:   socket: '<original node socket>' }
2020-01-18 11:10:46: server error { Error: connect ECONNREFUSED 127.0.0.1:8080
2020-01-18 11:10:46:     at TCPConnectWrap.afterConnect [as oncomplete] (net.js:1106:14)
2020-01-18 11:10:46:   errno: 'ECONNREFUSED',
2020-01-18 11:10:46:   code: 'ECONNREFUSED',
2020-01-18 11:10:46:   syscall: 'connect',
2020-01-18 11:10:46:   address: '127.0.0.1',
2020-01-18 11:10:46:   port: 8080,
2020-01-18 11:10:46:   config:
2020-01-18 11:10:46:    { url:
2020-01-18 11:10:46:       'http://localhost:8080/basic/web/index.php?r=book/index&page=undefined',
2020-01-18 11:10:46:      method: 'get',
2020-01-18 11:10:46:      headers:
2020-01-18 11:10:46:       { Accept: 'application/json, text/plain, */*',
2020-01-18 11:10:46:         'User-Agent': 'axios/0.19.1' },
2020-01-18 11:10:46:      transformRequest: [ [Function: transformRequest] ],
2020-01-18 11:10:46:      transformResponse: [ [Function: transformResponse] ],
2020-01-18 11:10:46:      timeout: 0,
2020-01-18 11:10:46:      adapter: [Function: httpAdapter],
2020-01-18 11:10:46:      xsrfCookieName: 'XSRF-TOKEN',
2020-01-18 11:10:46:      xsrfHeaderName: 'X-XSRF-TOKEN',
2020-01-18 11:10:46:      maxContentLength: -1,
2020-01-18 11:10:46:      validateStatus: [Function: validateStatus],
2020-01-18 11:10:46:      data: undefined },
2020-01-18 11:10:46:   request:
2020-01-18 11:10:46:    Writable {
2020-01-18 11:10:46:      _writableState:
2020-01-18 11:10:46:       WritableState {
2020-01-18 11:10:46:         objectMode: false,
2020-01-18 11:10:46:         highWaterMark: 16384,
2020-01-18 11:10:46:         finalCalled: false,
2020-01-18 11:10:46:         needDrain: false,
2020-01-18 11:10:46:         ending: false,
2020-01-18 11:10:46:         ended: false,
2020-01-18 11:10:46:         finished: false,
2020-01-18 11:10:46:         destroyed: false,
2020-01-18 11:10:46:         decodeStrings: true,
2020-01-18 11:10:46:         defaultEncoding: 'utf8',
2020-01-18 11:10:46:         length: 0,
2020-01-18 11:10:46:         writing: false,
2020-01-18 11:10:46:         corked: 0,
2020-01-18 11:10:46:         sync: true,
2020-01-18 11:10:46:         bufferProcessing: false,
2020-01-18 11:10:46:         onwrite: [Function: bound onwrite],
2020-01-18 11:10:46:         writecb: null,
2020-01-18 11:10:46:         writelen: 0,
2020-01-18 11:10:46:         bufferedRequest: null,
2020-01-18 11:10:46:         lastBufferedRequest: null,
2020-01-18 11:10:46:         pendingcb: 0,
2020-01-18 11:10:46:         prefinished: false,
2020-01-18 11:10:46:         errorEmitted: false,
2020-01-18 11:10:46:         emitClose: true,
2020-01-18 11:10:46:         autoDestroy: false,
2020-01-18 11:10:46:         bufferedRequestCount: 0,
2020-01-18 11:10:46:         corkedRequestsFree: [Object] },
2020-01-18 11:10:46:      writable: true,
2020-01-18 11:10:46:      _events:
2020-01-18 11:10:46:       [Object: null prototype] {
2020-01-18 11:10:46:         response: [Function: handleResponse],
2020-01-18 11:10:46:         error: [Function: handleRequestError] },
2020-01-18 11:10:46:      _eventsCount: 2,
2020-01-18 11:10:46:      _maxListeners: undefined,
2020-01-18 11:10:46:      _options:
2020-01-18 11:10:46:       { protocol: 'http:',
2020-01-18 11:10:46:         maxRedirects: 21,
2020-01-18 11:10:46:         maxBodyLength: 10485760,
2020-01-18 11:10:46:         path: '/basic/web/index.php?r=book/index&page=undefined',
2020-01-18 11:10:46:         method: 'GET',
2020-01-18 11:10:46:         headers: [Object],
2020-01-18 11:10:46:         agent: undefined,
2020-01-18 11:10:46:         agents: [Object],
2020-01-18 11:10:46:         auth: undefined,
2020-01-18 11:10:46:         hostname: 'localhost',
2020-01-18 11:10:46:         port: '8080',
2020-01-18 11:10:46:         nativeProtocols: [Object],
2020-01-18 11:10:46:         pathname: '/basic/web/index.php',
2020-01-18 11:10:46:         search: '?r=book/index&page=undefined' },
2020-01-18 11:10:46:      _redirectCount: 0,
2020-01-18 11:10:46:      _redirects: [],
2020-01-18 11:10:46:      _requestBodyLength: 0,
2020-01-18 11:10:46:      _requestBodyBuffers: [],
2020-01-18 11:10:46:      _onNativeResponse: [Function],
2020-01-18 11:10:46:      _currentRequest:
2020-01-18 11:10:46:       ClientRequest {
2020-01-18 11:10:46:         _events: [Object],
2020-01-18 11:10:46:         _eventsCount: 6,
2020-01-18 11:10:46:         _maxListeners: undefined,
2020-01-18 11:10:46:         output: [],
2020-01-18 11:10:46:         outputEncodings: [],
2020-01-18 11:10:46:         outputCallbacks: [],
2020-01-18 11:10:46:         outputSize: 0,
2020-01-18 11:10:46:         writable: true,
2020-01-18 11:10:46:         _last: true,
2020-01-18 11:10:46:         chunkedEncoding: false,
2020-01-18 11:10:46:         shouldKeepAlive: false,
2020-01-18 11:10:46:         useChunkedEncodingByDefault: false,
2020-01-18 11:10:46:         sendDate: false,
2020-01-18 11:10:46:         _removedConnection: false,
2020-01-18 11:10:46:         _removedContLen: false,
2020-01-18 11:10:46:         _removedTE: false,
2020-01-18 11:10:46:         _contentLength: 0,
2020-01-18 11:10:46:         _hasBody: true,
2020-01-18 11:10:46:         _trailer: '',
2020-01-18 11:10:46:         finished: true,
2020-01-18 11:10:46:         _headerSent: true,
2020-01-18 11:10:46:         socket: [Socket],
2020-01-18 11:10:46:         connection: [Socket],
2020-01-18 11:10:46:         _header:
2020-01-18 11:10:46:          'GET /basic/web/index.php?r=book/index&page=undefined HTTP/1.1\r\nAccept: application/json, text/plain, */*\r\nUser-Agent: axios/0.19.1\r\nHost: localhost:8080\r\nConnection: close\r\n\r\n',
2020-01-18 11:10:46:         _onPendingData: [Function: noopPendingOutput],
2020-01-18 11:10:46:         agent: [Agent],
2020-01-18 11:10:46:         socketPath: undefined,
2020-01-18 11:10:46:         timeout: undefined,
2020-01-18 11:10:46:         method: 'GET',
2020-01-18 11:10:46:         path: '/basic/web/index.php?r=book/index&page=undefined',
2020-01-18 11:10:46:         _ended: false,
2020-01-18 11:10:46:         res: null,
2020-01-18 11:10:46:         aborted: undefined,
2020-01-18 11:10:46:         timeoutCb: null,
2020-01-18 11:10:46:         upgradeOrConnect: false,
2020-01-18 11:10:46:         parser: null,
2020-01-18 11:10:46:         maxHeadersCount: null,
2020-01-18 11:10:46:         _redirectable: [Circular],
2020-01-18 11:10:46:         [Symbol(isCorked)]: false,
2020-01-18 11:10:46:         [Symbol(outHeadersKey)]: [Object] },
2020-01-18 11:10:46:      _currentUrl:
2020-01-18 11:10:46:       'http://localhost:8080/basic/web/index.php?r=book/index&page=undefined' },
2020-01-18 11:10:46:   response: undefined,
2020-01-18 11:10:46:   isAxiosError: true,
2020-01-18 11:10:46:   toJSON: [Function] } { request:
2020-01-18 11:10:46:    { method: 'GET',
2020-01-18 11:10:46:      url: '/',
2020-01-18 11:10:46:      header:
2020-01-18 11:10:46:       { host: 'localhost',
2020-01-18 11:10:46:         connection: 'keep-alive',
2020-01-18 11:10:46:         'cache-control': 'max-age=0',
2020-01-18 11:10:46:         'upgrade-insecure-requests': '1',
2020-01-18 11:10:46:         'user-agent':
2020-01-18 11:10:46:          'Mozilla/5.0 (Macintosh; Intel Mac OS X 10_15_2) AppleWebKit/537.36 (KHTML, like Gecko) Chrome/79.0.3945.130 Safari/537.36',
2020-01-18 11:10:46:         'sec-fetch-user': '?1',
2020-01-18 11:10:46:         accept:
2020-01-18 11:10:46:          'text/html,application/xhtml+xml,application/xml;q=0.9,image/webp,image/apng,*/*;q=0.8,application/signed-exchange;v=b3;q=0.9',
2020-01-18 11:10:46:         'sec-fetch-site': 'none',
2020-01-18 11:10:46:         'sec-fetch-mode': 'navigate',
2020-01-18 11:10:46:         'accept-encoding': 'gzip, deflate, br',
2020-01-18 11:10:46:         'accept-language': 'zh-CN,zh;q=0.9,en;q=0.8',
2020-01-18 11:10:46:         cookie: '_ga=GA1.1.372073481.1574653483' } },
2020-01-18 11:10:46:   response:
2020-01-18 11:10:46:    { status: 404,
2020-01-18 11:10:46:      message: 'Not Found',
2020-01-18 11:10:46:      header: [Object: null prototype] {} },
2020-01-18 11:10:46:   app: { subdomainOffset: 2, proxy: false, env: 'production' },
2020-01-18 11:10:46:   originalUrl: '/',
2020-01-18 11:10:46:   req: '<original node req>',
2020-01-18 11:10:46:   res: '<original node res>',
2020-01-18 11:10:46:   socket: '<original node socket>' }
