Error: bind EADDRINUSE null:80
    at listenOnMasterHandle (net.js:1346:16)
    at rr (internal/cluster/child.js:126:12)
    at Worker.send (internal/cluster/child.js:93:7)
    at process.onInternalMessage (internal/cluster/utils.js:45:8)
    at process.emit (events.js:203:15)
    at emit (internal/child_process.js:832:12)
    at process._tickCallback (internal/process/next_tick.js:63:19)
Error: bind EADDRINUSE null:80
    at listenOnMasterHandle (net.js:1346:16)
    at rr (internal/cluster/child.js:126:12)
    at Worker.send (internal/cluster/child.js:93:7)
    at process.onInternalMessage (internal/cluster/utils.js:45:8)
    at process.emit (events.js:203:15)
    at emit (internal/child_process.js:832:12)
    at process._tickCallback (internal/process/next_tick.js:63:19)
Error: bind EADDRINUSE null:80
    at listenOnMasterHandle (net.js:1346:16)
    at rr (internal/cluster/child.js:126:12)
    at Worker.send (internal/cluster/child.js:93:7)
    at process.onInternalMessage (internal/cluster/utils.js:45:8)
    at process.emit (events.js:203:15)
    at emit (internal/child_process.js:832:12)
    at process._tickCallback (internal/process/next_tick.js:63:19)
Error: bind EADDRINUSE null:80
    at listenOnMasterHandle (net.js:1346:16)
    at rr (internal/cluster/child.js:126:12)
    at Worker.send (internal/cluster/child.js:93:7)
    at process.onInternalMessage (internal/cluster/utils.js:45:8)
    at process.emit (events.js:203:15)
    at emit (internal/child_process.js:832:12)
    at process._tickCallback (internal/process/next_tick.js:63:19)
Error: bind EADDRINUSE null:80
    at listenOnMasterHandle (net.js:1346:16)
    at rr (internal/cluster/child.js:126:12)
    at Worker.send (internal/cluster/child.js:93:7)
    at process.onInternalMessage (internal/cluster/utils.js:45:8)
    at process.emit (events.js:203:15)
    at emit (internal/child_process.js:832:12)
    at process._tickCallback (internal/process/next_tick.js:63:19)
Error: bind EADDRINUSE null:80
    at listenOnMasterHandle (net.js:1346:16)
    at rr (internal/cluster/child.js:126:12)
    at Worker.send (internal/cluster/child.js:93:7)
    at process.onInternalMessage (internal/cluster/utils.js:45:8)
    at process.emit (events.js:203:15)
    at emit (internal/child_process.js:832:12)
    at process._tickCallback (internal/process/next_tick.js:63:19)
Error: bind EADDRINUSE null:80
    at listenOnMasterHandle (net.js:1346:16)
    at rr (internal/cluster/child.js:126:12)
    at Worker.send (internal/cluster/child.js:93:7)
    at process.onInternalMessage (internal/cluster/utils.js:45:8)
    at process.emit (events.js:203:15)
    at emit (internal/child_process.js:832:12)
    at process._tickCallback (internal/process/next_tick.js:63:19)
Error: bind EADDRINUSE null:80
    at listenOnMasterHandle (net.js:1346:16)
    at rr (internal/cluster/child.js:126:12)
    at Worker.send (internal/cluster/child.js:93:7)
    at process.onInternalMessage (internal/cluster/utils.js:45:8)
    at process.emit (events.js:203:15)
    at emit (internal/child_process.js:832:12)
    at process._tickCallback (internal/process/next_tick.js:63:19)
Error: bind EADDRINUSE null:80
    at listenOnMasterHandle (net.js:1346:16)
    at rr (internal/cluster/child.js:126:12)
    at Worker.send (internal/cluster/child.js:93:7)
    at process.onInternalMessage (internal/cluster/utils.js:45:8)
    at process.emit (events.js:203:15)
    at emit (internal/child_process.js:832:12)
    at process._tickCallback (internal/process/next_tick.js:63:19)
Error: bind EADDRINUSE null:80
    at listenOnMasterHandle (net.js:1346:16)
    at rr (internal/cluster/child.js:126:12)
    at Worker.send (internal/cluster/child.js:93:7)
    at process.onInternalMessage (internal/cluster/utils.js:45:8)
    at process.emit (events.js:203:15)
    at emit (internal/child_process.js:832:12)
    at process._tickCallback (internal/process/next_tick.js:63:19)
Error: bind EADDRINUSE null:80
    at listenOnMasterHandle (net.js:1346:16)
    at rr (internal/cluster/child.js:126:12)
    at Worker.send (internal/cluster/child.js:93:7)
    at process.onInternalMessage (internal/cluster/utils.js:45:8)
    at process.emit (events.js:203:15)
    at emit (internal/child_process.js:832:12)
    at process._tickCallback (internal/process/next_tick.js:63:19)
Error: bind EADDRINUSE null:80
    at listenOnMasterHandle (net.js:1346:16)
    at rr (internal/cluster/child.js:126:12)
    at Worker.send (internal/cluster/child.js:93:7)
    at process.onInternalMessage (internal/cluster/utils.js:45:8)
    at process.emit (events.js:203:15)
    at emit (internal/child_process.js:832:12)
    at process._tickCallback (internal/process/next_tick.js:63:19)
Error: bind EADDRINUSE null:80
    at listenOnMasterHandle (net.js:1346:16)
    at rr (internal/cluster/child.js:126:12)
    at Worker.send (internal/cluster/child.js:93:7)
    at process.onInternalMessage (internal/cluster/utils.js:45:8)
    at process.emit (events.js:203:15)
    at emit (internal/child_process.js:832:12)
    at process._tickCallback (internal/process/next_tick.js:63:19)
Error: bind EADDRINUSE null:80
    at listenOnMasterHandle (net.js:1346:16)
    at rr (internal/cluster/child.js:126:12)
    at Worker.send (internal/cluster/child.js:93:7)
    at process.onInternalMessage (internal/cluster/utils.js:45:8)
    at process.emit (events.js:203:15)
    at emit (internal/child_process.js:832:12)
    at process._tickCallback (internal/process/next_tick.js:63:19)
Error: bind EADDRINUSE null:80
    at listenOnMasterHandle (net.js:1346:16)
    at rr (internal/cluster/child.js:126:12)
    at Worker.send (internal/cluster/child.js:93:7)
    at process.onInternalMessage (internal/cluster/utils.js:45:8)
    at process.emit (events.js:203:15)
    at emit (internal/child_process.js:832:12)
    at process._tickCallback (internal/process/next_tick.js:63:19)
Error: bind EADDRINUSE null:80
    at listenOnMasterHandle (net.js:1346:16)
    at rr (internal/cluster/child.js:126:12)
    at Worker.send (internal/cluster/child.js:93:7)
    at process.onInternalMessage (internal/cluster/utils.js:45:8)
    at process.emit (events.js:203:15)
    at emit (internal/child_process.js:832:12)
    at process._tickCallback (internal/process/next_tick.js:63:19)
Error: bind EADDRINUSE null:80
    at listenOnMasterHandle (net.js:1346:16)
    at rr (internal/cluster/child.js:126:12)
    at Worker.send (internal/cluster/child.js:93:7)
    at process.onInternalMessage (internal/cluster/utils.js:45:8)
    at process.emit (events.js:203:15)
    at emit (internal/child_process.js:832:12)
    at process._tickCallback (internal/process/next_tick.js:63:19)
Error: bind EADDRINUSE null:80
    at listenOnMasterHandle (net.js:1346:16)
    at rr (internal/cluster/child.js:126:12)
    at Worker.send (internal/cluster/child.js:93:7)
    at process.onInternalMessage (internal/cluster/utils.js:45:8)
    at process.emit (events.js:203:15)
    at emit (internal/child_process.js:832:12)
    at process._tickCallback (internal/process/next_tick.js:63:19)
Error: bind EADDRINUSE null:80
    at listenOnMasterHandle (net.js:1346:16)
    at rr (internal/cluster/child.js:126:12)
    at Worker.send (internal/cluster/child.js:93:7)
    at process.onInternalMessage (internal/cluster/utils.js:45:8)
    at process.emit (events.js:203:15)
    at emit (internal/child_process.js:832:12)
    at process._tickCallback (internal/process/next_tick.js:63:19)
Error: bind EADDRINUSE null:80
    at listenOnMasterHandle (net.js:1346:16)
    at rr (internal/cluster/child.js:126:12)
    at Worker.send (internal/cluster/child.js:93:7)
    at process.onInternalMessage (internal/cluster/utils.js:45:8)
    at process.emit (events.js:203:15)
    at emit (internal/child_process.js:832:12)
    at process._tickCallback (internal/process/next_tick.js:63:19)
Error: bind EADDRINUSE null:80
    at listenOnMasterHandle (net.js:1346:16)
    at rr (internal/cluster/child.js:126:12)
    at Worker.send (internal/cluster/child.js:93:7)
    at process.onInternalMessage (internal/cluster/utils.js:45:8)
    at process.emit (events.js:203:15)
    at emit (internal/child_process.js:832:12)
    at process._tickCallback (internal/process/next_tick.js:63:19)
Error: bind EADDRINUSE null:80
    at listenOnMasterHandle (net.js:1346:16)
    at rr (internal/cluster/child.js:126:12)
    at Worker.send (internal/cluster/child.js:93:7)
    at process.onInternalMessage (internal/cluster/utils.js:45:8)
    at process.emit (events.js:203:15)
    at emit (internal/child_process.js:832:12)
    at process._tickCallback (internal/process/next_tick.js:63:19)
Error: bind EADDRINUSE null:80
    at listenOnMasterHandle (net.js:1346:16)
    at rr (internal/cluster/child.js:126:12)
    at Worker.send (internal/cluster/child.js:93:7)
    at process.onInternalMessage (internal/cluster/utils.js:45:8)
    at process.emit (events.js:203:15)
    at emit (internal/child_process.js:832:12)
    at process._tickCallback (internal/process/next_tick.js:63:19)
Error: bind EADDRINUSE null:80
    at listenOnMasterHandle (net.js:1346:16)
    at rr (internal/cluster/child.js:126:12)
    at Worker.send (internal/cluster/child.js:93:7)
    at process.onInternalMessage (internal/cluster/utils.js:45:8)
    at process.emit (events.js:203:15)
    at emit (internal/child_process.js:832:12)
    at process._tickCallback (internal/process/next_tick.js:63:19)
Error: bind EADDRINUSE null:80
    at listenOnMasterHandle (net.js:1346:16)
    at rr (internal/cluster/child.js:126:12)
    at Worker.send (internal/cluster/child.js:93:7)
    at process.onInternalMessage (internal/cluster/utils.js:45:8)
    at process.emit (events.js:203:15)
    at emit (internal/child_process.js:832:12)
    at process._tickCallback (internal/process/next_tick.js:63:19)
Error: bind EADDRINUSE null:80
    at listenOnMasterHandle (net.js:1346:16)
    at rr (internal/cluster/child.js:126:12)
    at Worker.send (internal/cluster/child.js:93:7)
    at process.onInternalMessage (internal/cluster/utils.js:45:8)
    at process.emit (events.js:203:15)
    at emit (internal/child_process.js:832:12)
    at process._tickCallback (internal/process/next_tick.js:63:19)
Error: bind EADDRINUSE null:80
    at listenOnMasterHandle (net.js:1346:16)
    at rr (internal/cluster/child.js:126:12)
    at Worker.send (internal/cluster/child.js:93:7)
    at process.onInternalMessage (internal/cluster/utils.js:45:8)
    at process.emit (events.js:203:15)
    at emit (internal/child_process.js:832:12)
    at process._tickCallback (internal/process/next_tick.js:63:19)
Error: bind EADDRINUSE null:80
    at listenOnMasterHandle (net.js:1346:16)
    at rr (internal/cluster/child.js:126:12)
    at Worker.send (internal/cluster/child.js:93:7)
    at process.onInternalMessage (internal/cluster/utils.js:45:8)
    at process.emit (events.js:203:15)
    at emit (internal/child_process.js:832:12)
    at process._tickCallback (internal/process/next_tick.js:63:19)
Error: bind EADDRINUSE null:80
    at listenOnMasterHandle (net.js:1346:16)
    at rr (internal/cluster/child.js:126:12)
    at Worker.send (internal/cluster/child.js:93:7)
    at process.onInternalMessage (internal/cluster/utils.js:45:8)
    at process.emit (events.js:203:15)
    at emit (internal/child_process.js:832:12)
    at process._tickCallback (internal/process/next_tick.js:63:19)
Error: bind EADDRINUSE null:80
    at listenOnMasterHandle (net.js:1346:16)
    at rr (internal/cluster/child.js:126:12)
    at Worker.send (internal/cluster/child.js:93:7)
    at process.onInternalMessage (internal/cluster/utils.js:45:8)
    at process.emit (events.js:203:15)
    at emit (internal/child_process.js:832:12)
    at process._tickCallback (internal/process/next_tick.js:63:19)
Error: bind EADDRINUSE null:80
    at listenOnMasterHandle (net.js:1346:16)
    at rr (internal/cluster/child.js:126:12)
    at Worker.send (internal/cluster/child.js:93:7)
    at process.onInternalMessage (internal/cluster/utils.js:45:8)
    at process.emit (events.js:203:15)
    at emit (internal/child_process.js:832:12)
    at process._tickCallback (internal/process/next_tick.js:63:19)
Error: bind EADDRINUSE null:80
    at listenOnMasterHandle (net.js:1346:16)
    at rr (internal/cluster/child.js:126:12)
    at Worker.send (internal/cluster/child.js:93:7)
    at process.onInternalMessage (internal/cluster/utils.js:45:8)
    at process.emit (events.js:203:15)
    at emit (internal/child_process.js:832:12)
    at process._tickCallback (internal/process/next_tick.js:63:19)
