2020-01-17 11:06:17:   <-- GET /login
2020-01-17 11:06:17: GET /login
2020-01-17 11:06:17: 1
2020-01-17 11:06:17: GET /login - 24ms
2020-01-17 11:06:17:   --> GET /login 200 33ms 1.97kb
2020-01-17 11:06:17:   <-- GET /stylesheets/style.css
2020-01-17 11:06:17: GET /stylesheets/style.css - 2ms
2020-01-17 11:06:17:   --> GET /stylesheets/style.css 200 7ms 2.34kb
2020-01-17 11:06:17:   <-- GET /stylesheets/style.css.map
2020-01-17 11:06:17: GET /stylesheets/style.css.map - 1ms
2020-01-17 11:06:17:   --> GET /stylesheets/style.css.map 200 2ms 2.01kb
2020-01-17 11:06:18:   <-- GET /login
2020-01-17 11:06:18: GET /login
2020-01-17 11:06:18: 1
2020-01-17 11:06:18: GET /login - 4ms
2020-01-17 11:06:18:   --> GET /login 200 5ms 1.97kb
2020-01-17 11:06:18:   <-- GET /stylesheets/style.css
2020-01-17 11:06:18: GET /stylesheets/style.css - 2ms
2020-01-17 11:06:18:   --> GET /stylesheets/style.css 200 3ms 2.34kb
2020-01-17 11:06:18:   <-- GET /stylesheets/style.css.map
2020-01-17 11:06:18: GET /stylesheets/style.css.map - 1ms
2020-01-17 11:06:18:   --> GET /stylesheets/style.css.map 200 2ms 2.01kb
2020-01-17 11:06:19:   <-- GET /index
2020-01-17 11:06:19: GET /index
2020-01-17 11:06:19: 1
2020-01-17 11:06:19: GET /index - 82ms
2020-01-17 11:06:19:   --> GET /index 200 83ms 7.66kb
2020-01-17 11:06:19:   <-- GET /stylesheets/style.css
2020-01-17 11:06:19: GET /stylesheets/style.css - 1ms
2020-01-17 11:06:19:   --> GET /stylesheets/style.css 200 2ms 2.34kb
2020-01-17 11:06:19:   <-- GET /stylesheets/style.css.map
2020-01-17 11:06:19: GET /stylesheets/style.css.map - 1ms
2020-01-17 11:06:19:   --> GET /stylesheets/style.css.map 200 2ms 2.01kb
2020-01-17 11:56:27:   <-- GET /index
2020-01-17 11:56:27: GET /index
2020-01-17 11:56:27: 1
2020-01-17 11:56:27: GET /index - 148ms
2020-01-17 11:56:27:   --> GET /index 200 155ms 7.66kb
2020-01-17 11:56:27:   <-- GET /stylesheets/style.css
2020-01-17 11:56:27: GET /stylesheets/style.css - 4ms
2020-01-17 11:56:27:   --> GET /stylesheets/style.css 200 8ms 2.34kb
2020-01-17 11:56:27:   <-- GET /stylesheets/style.css.map
2020-01-17 11:56:27: GET /stylesheets/style.css.map - 2ms
2020-01-17 11:56:27:   --> GET /stylesheets/style.css.map 200 4ms 2.01kb
2020-01-17 11:56:27:   <-- GET /index
2020-01-17 11:56:27: GET /index
2020-01-17 11:56:28: 1
2020-01-17 11:56:28: GET /index - 83ms
2020-01-17 11:56:28:   --> GET /index 200 84ms 7.66kb
2020-01-17 11:56:28:   <-- GET /stylesheets/style.css
2020-01-17 11:56:28: GET /stylesheets/style.css - 1ms
2020-01-17 11:56:28:   --> GET /stylesheets/style.css 200 4ms 2.34kb
2020-01-17 11:56:28:   <-- GET /stylesheets/style.css.map
2020-01-17 11:56:28: GET /stylesheets/style.css.map - 4ms
2020-01-17 11:56:28:   --> GET /stylesheets/style.css.map 200 6ms 2.01kb
